<?xml version="1.0" encoding="utf-8" standalone="no"?>
<test-results xmlns:xsi="http://www.w3.org/2001/XMLSchema-instance" xsi:noNamespaceSchemaLocation="nunit_schema_2.5.xsd" name="Pester" total="12" errors="0" failures="0" not-run="0" inconclusive="0" ignored="0" skipped="0" invalid="0" date="2026-08-23" time="13:50:49">
  <environment nunit-version="2.5.8.0" cwd="C:\Source\copilot\copilot-worktrees\folo\sandersaares-crispy-guide" os-version="10.0.26200" user="Sander" user-domain="BENUM" machine-name="BENUM" clr-version="10.0.11" platform="Microsoft Windows 11 Pro|C:\WINDOWS|\Device\Harddisk0\Partition3" />
  <culture-info current-culture="et-EE" current-uiculture="en-US" />
  <test-suite type="TestFixture" name="Pester" executed="True" result="Success" success="True" time="0.9428" asserts="0" description="Pester">
    <results>
      <test-suite type="TestFixture" name="C:\Source\copilot\copilot-worktrees\folo\sandersaares-crispy-guide\scripts\build\BenchmarkTarget.Tests.ps1" executed="True" result="Success" success="True" time="0.9428" asserts="0" description="C:\Source\copilot\copilot-worktrees\folo\sandersaares-crispy-guide\scripts\build\BenchmarkTarget.Tests.ps1">
        <results>
          <test-suite type="TestFixture" name="Get-CallgrindBenchTarget" executed="True" result="Success" success="True" time="0.3991" asserts="0" description="Get-CallgrindBenchTarget">
            <results>
              <test-case description="discovers every *_cg.rs bench across all packages when no filters are given" name="Get-CallgrindBenchTarget.discovers every *_cg.rs bench across all packages when no filters are given" time="0.1588" asserts="0" success="True" result="Success" executed="True" />
              <test-case description="ignores plain (non-_cg) bench files" name="Get-CallgrindBenchTarget.ignores plain (non-_cg) bench files" time="0.0341" asserts="0" success="True" result="Success" executed="True" />
              <test-case description="restricts to a space-separated package allow-list" name="Get-CallgrindBenchTarget.restricts to a space-separated package allow-list" time="0.0234" asserts="0" success="True" result="Success" executed="True" />
              <test-case description="supports multiple space-separated packages" name="Get-CallgrindBenchTarget.supports multiple space-separated packages" time="0.0249" asserts="0" success="True" result="Success" executed="True" />
              <test-case description="restricts to a single target name" name="Get-CallgrindBenchTarget.restricts to a single target name" time="0.0369" asserts="0" success="True" result="Success" executed="True" />
              <test-case description="returns nothing for a package without Callgrind benches" name="Get-CallgrindBenchTarget.returns nothing for a package without Callgrind benches" time="0.0191" asserts="0" success="True" result="Success" executed="True" />
              <test-case description="skips a package that has no benches directory without error" name="Get-CallgrindBenchTarget.skips a package that has no benches directory without error" time="0.0279" asserts="0" success="True" result="Success" executed="True" />
              <test-case description="returns nothing when the target filter matches no bench" name="Get-CallgrindBenchTarget.returns nothing when the target filter matches no bench" time="0.0275" asserts="0" success="True" result="Success" executed="True" />
            </results>
          </test-suite>
          <test-suite type="TestFixture" name="Get-CriterionBenchTarget" executed="True" result="Success" success="True" time="0.5124" asserts="0" description="Get-CriterionBenchTarget">
            <results>
              <test-case description="discovers non-Callgrind benches across packages in deterministic order" name="Get-CriterionBenchTarget.discovers non-Callgrind benches across packages in deterministic order" time="0.0408" asserts="0" success="True" result="Success" executed="True" />
              <test-case description="excludes *_cg.rs targets" name="Get-CriterionBenchTarget.excludes *_cg.rs targets" time="0.0242" asserts="0" success="True" result="Success" executed="True" />
              <test-case description="restricts discovery to a space-separated package allow-list" name="Get-CriterionBenchTarget.restricts discovery to a space-separated package allow-list" time="0.0191" asserts="0" success="True" result="Success" executed="True" />
              <test-case description="skips packages without a benches directory" name="Get-CriterionBenchTarget.skips packages without a benches directory" time="0.0151" asserts="0" success="True" result="Success" executed="True" />
            </results>
          </test-suite>
        </results>
      </test-suite>
    </results>
  </test-suite>
</test-results>